Build started 2/11/2015 1:51:27 PM.
     1>Project "C:\Users\ANIMUS\Documents\GitHub\TU-Plovdiv\Semester4\DiscreteStructures\SetOperations\SetOperations.vcxproj" on node 2 (Build target(s)).
     1>ClCompile:
         C:\Program Files (x86)\Microsoft Visual Studio 14.0\VC\bin\CL.exe /c /ZI /nologo /W3 /WX- /sdl /Od /Oy- /D WIN32 /D _DEBUG /D _CONSOLE /D _UNICODE /D UNICODE /Gm /EHsc /RTC1 /MDd /GS /fp:precise /Zc:wchar_t /Zc:forScope /Zc:inline /Fo"Debug\\" /Fd"Debug\vc140.pdb" /Gd /TP /analyze- /errorReport:prompt set_operations.cpp stdafx.cpp
         stdafx.cpp
         set_operations.cpp
     1>c:\users\animus\documents\github\tu-plovdiv\semester4\discretestructures\setoperations\set_operations.cpp(42): error C4996: 'strcpy': This function or variable may be unsafe. Consider using strcpy_s instead. To disable deprecation, use _CRT_SECURE_NO_WARNINGS. See online help for details.
         c:\program files (x86)\windows kits\10\include\10.0.10150.0\ucrt\string.h(119): note: see declaration of 'strcpy'
         Generating Code...
     1>Done Building Project "C:\Users\ANIMUS\Documents\GitHub\TU-Plovdiv\Semester4\DiscreteStructures\SetOperations\SetOperations.vcxproj" (Build target(s)) -- FAILED.

Build FAILED.

Time Elapsed 00:00:00.42
