Build started 2/11/2015 2:11:26 PM.
     1>Project "C:\Users\ANIMUS\Documents\GitHub\TU-Plovdiv\Semester4\DiscreteStructures\Test\Test.vcxproj" on node 2 (Build target(s)).
     1>ClCompile:
         C:\Program Files (x86)\Microsoft Visual Studio 14.0\VC\bin\CL.exe /c /ZI /nologo /W3 /WX- /sdl /Od /Oy- /D _MBCS /Gm /EHsc /RTC1 /MDd /GS /fp:precise /Zc:wchar_t /Zc:forScope /Zc:inline /Fo"Debug\\" /Fd"Debug\vc140.pdb" /Gd /TP /analyze- /errorReport:prompt Test.cpp
         Test.cpp
     1>c:\users\animus\documents\github\tu-plovdiv\semester4\discretestructures\test\test.cpp(87): error C2664: 'int atoi(const char *)': cannot convert argument 1 from 'char' to 'const char *'
         c:\users\animus\documents\github\tu-plovdiv\semester4\discretestructures\test\test.cpp(87): note: Conversion from integral type to pointer type requires reinterpret_cast, C-style cast or function-style cast
     1>Done Building Project "C:\Users\ANIMUS\Documents\GitHub\TU-Plovdiv\Semester4\DiscreteStructures\Test\Test.vcxproj" (Build target(s)) -- FAILED.

Build FAILED.

Time Elapsed 00:00:00.73
